2026-06-09 16:15:06.108 [main] INFO  Freerouting v1.9.0 (build-date: 2023-10-30)
2026-06-09 16:15:07.364 [main] INFO  Opening 'E:\Ki-CAD\Projects\ESP32-C5-Board\ESP32-C5-Board.dsn'...
2026-06-09 16:15:07.700 [ForkJoinPool.commonPool-worker-1] INFO  New version available: v2.2.4
2026-06-09 16:15:10.740 [Thread-23] INFO  Starting auto-routing...
2026-06-09 16:15:10.906 [Thread-23] INFO  Auto-routing was completed in 0.16 seconds.
2026-06-09 16:15:11.008 [Thread-23] INFO  Starting route optimization on 1 thread...
2026-06-09 16:15:11.401 [Thread-23] INFO  Route optimization was completed in 0.39 seconds.
2026-06-09 16:15:11.407 [Thread-23] INFO  Saving 'E:\Ki-CAD\Projects\ESP32-C5-Board\ESP32-C5-Board.ses'...
2026-06-09 16:15:12.381 [main] INFO  Freerouting v1.9.0 (build-date: 2023-10-30)
2026-06-09 16:15:12.431 [main] INFO  Settings were loaded from freerouting.json
2026-06-09 16:15:13.561 [main] INFO  Opening 'E:\Ki-CAD\Projects\ESP32-C5-Board\ESP32-C5-Board.dsn'...
2026-06-09 16:15:13.791 [ForkJoinPool.commonPool-worker-1] INFO  New version available: v2.2.4
2026-06-09 16:15:17.906 [Thread-23] INFO  Starting auto-routing...
2026-06-09 16:15:18.064 [Thread-23] INFO  Auto-routing was completed in 0.16 seconds.
2026-06-09 16:15:18.166 [Thread-23] INFO  Starting route optimization on 1 thread...
2026-06-09 16:15:18.567 [Thread-23] INFO  Route optimization was completed in 0.40 seconds.
2026-06-09 16:15:18.573 [Thread-23] INFO  Saving 'E:\Ki-CAD\Projects\ESP32-C5-Board\ESP32-C5-Board.ses'...
2026-06-09 16:15:19.444 [main] INFO  Freerouting v1.9.0 (build-date: 2023-10-30)
2026-06-09 16:15:19.491 [main] INFO  Settings were loaded from freerouting.json
2026-06-09 16:15:20.625 [main] INFO  Opening 'E:\Ki-CAD\Projects\ESP32-C5-Board\ESP32-C5-Board.dsn'...
2026-06-09 16:15:20.839 [ForkJoinPool.commonPool-worker-1] INFO  New version available: v2.2.4
2026-06-09 16:15:25.805 [Thread-23] INFO  Starting auto-routing...
2026-06-09 16:15:25.962 [Thread-23] INFO  Auto-routing was completed in 0.16 seconds.
2026-06-09 16:15:26.064 [Thread-23] INFO  Starting route optimization on 1 thread...
2026-06-09 16:15:26.448 [Thread-23] INFO  Route optimization was completed in 0.38 seconds.
2026-06-09 16:15:26.455 [Thread-23] INFO  Saving 'E:\Ki-CAD\Projects\ESP32-C5-Board\ESP32-C5-Board.ses'...
2026-06-09 16:18:38.525 [main] INFO  Freerouting v1.9.0 (build-date: 2023-10-30)
2026-06-09 16:18:38.593 [main] INFO  Settings were loaded from freerouting.json
2026-06-09 16:18:39.758 [main] INFO  Opening 'E:\Ki-CAD\Projects\ESP32-C5-Board\ESP32-C5-Board.dsn'...
2026-06-09 16:18:40.090 [ForkJoinPool.commonPool-worker-1] INFO  New version available: v2.2.4
2026-06-09 16:18:42.934 [Thread-23] INFO  Starting auto-routing...
2026-06-09 16:18:43.026 [Thread-23] INFO  Auto-routing was completed in 0.09 seconds.
2026-06-09 16:18:43.128 [Thread-23] INFO  Starting route optimization on 1 thread...
2026-06-09 16:18:43.133 [Thread-23] INFO  Route optimization was completed in 0.01 seconds.
2026-06-09 16:18:43.142 [Thread-23] INFO  Saving 'E:\Ki-CAD\Projects\ESP32-C5-Board\ESP32-C5-Board.ses'...
2026-06-09 16:18:44.145 [main] INFO  Freerouting v1.9.0 (build-date: 2023-10-30)
2026-06-09 16:18:44.195 [main] INFO  Settings were loaded from freerouting.json
2026-06-09 16:18:45.341 [main] INFO  Opening 'E:\Ki-CAD\Projects\ESP32-C5-Board\ESP32-C5-Board.dsn'...
2026-06-09 16:18:45.578 [ForkJoinPool.commonPool-worker-1] INFO  New version available: v2.2.4
2026-06-09 16:18:50.852 [Thread-23] INFO  Starting auto-routing...
2026-06-09 16:18:50.927 [Thread-23] INFO  Auto-routing was completed in 0.07 seconds.
2026-06-09 16:18:51.029 [Thread-23] INFO  Starting route optimization on 1 thread...
2026-06-09 16:18:51.033 [Thread-23] INFO  Route optimization was completed in 0.00 seconds.
2026-06-09 16:18:51.041 [Thread-23] INFO  Saving 'E:\Ki-CAD\Projects\ESP32-C5-Board\ESP32-C5-Board.ses'...
2026-06-09 16:18:52.051 [main] INFO  Freerouting v1.9.0 (build-date: 2023-10-30)
2026-06-09 16:18:52.106 [main] INFO  Settings were loaded from freerouting.json
2026-06-09 16:18:53.260 [main] INFO  Opening 'E:\Ki-CAD\Projects\ESP32-C5-Board\ESP32-C5-Board.dsn'...
2026-06-09 16:18:53.501 [ForkJoinPool.commonPool-worker-1] INFO  New version available: v2.2.4
2026-06-09 16:18:55.860 [Thread-23] INFO  Starting auto-routing...
2026-06-09 16:18:55.944 [Thread-23] INFO  Auto-routing was completed in 0.08 seconds.
2026-06-09 16:18:56.046 [Thread-23] INFO  Starting route optimization on 1 thread...
2026-06-09 16:18:56.051 [Thread-23] INFO  Route optimization was completed in 0.00 seconds.
2026-06-09 16:18:56.060 [Thread-23] INFO  Saving 'E:\Ki-CAD\Projects\ESP32-C5-Board\ESP32-C5-Board.ses'...
2026-06-09 16:21:49.678 [main] INFO  Freerouting v1.9.0 (build-date: 2023-10-30)
2026-06-09 16:21:49.734 [main] INFO  Settings were loaded from freerouting.json
2026-06-09 16:21:50.900 [main] INFO  Opening 'E:\Ki-CAD\Projects\ESP32-C5-Board\ESP32-C5-Board.dsn'...
2026-06-09 16:21:51.153 [ForkJoinPool.commonPool-worker-1] INFO  New version available: v2.2.4
2026-06-09 16:21:53.769 [Thread-23] INFO  Starting auto-routing...
2026-06-09 16:22:00.779 [Thread-23] INFO  Auto-routing was completed in 7.01 seconds.
2026-06-09 16:22:00.880 [Thread-23] INFO  Starting route optimization on 1 thread...
2026-06-09 16:22:01.243 [Thread-23] INFO  Route optimization was completed in 0.36 seconds.
2026-06-09 16:22:01.249 [Thread-23] INFO  Saving 'E:\Ki-CAD\Projects\ESP32-C5-Board\ESP32-C5-Board.ses'...
2026-06-09 16:22:02.295 [main] INFO  Freerouting v1.9.0 (build-date: 2023-10-30)
2026-06-09 16:22:02.350 [main] INFO  Settings were loaded from freerouting.json
2026-06-09 16:22:03.497 [main] INFO  Opening 'E:\Ki-CAD\Projects\ESP32-C5-Board\ESP32-C5-Board.dsn'...
2026-06-09 16:22:03.723 [ForkJoinPool.commonPool-worker-1] INFO  New version available: v2.2.4
2026-06-09 16:22:06.201 [Thread-23] INFO  Starting auto-routing...
2026-06-09 16:22:12.883 [Thread-23] INFO  Auto-routing was completed in 6.68 seconds.
2026-06-09 16:22:12.984 [Thread-23] INFO  Starting route optimization on 1 thread...
2026-06-09 16:22:13.374 [Thread-23] INFO  Route optimization was completed in 0.39 seconds.
2026-06-09 16:22:13.380 [Thread-23] INFO  Saving 'E:\Ki-CAD\Projects\ESP32-C5-Board\ESP32-C5-Board.ses'...
2026-06-09 16:22:14.447 [main] INFO  Freerouting v1.9.0 (build-date: 2023-10-30)
2026-06-09 16:22:14.498 [main] INFO  Settings were loaded from freerouting.json
2026-06-09 16:22:15.641 [main] INFO  Opening 'E:\Ki-CAD\Projects\ESP32-C5-Board\ESP32-C5-Board.dsn'...
2026-06-09 16:22:15.864 [ForkJoinPool.commonPool-worker-1] INFO  New version available: v2.2.4
2026-06-09 16:22:18.104 [Thread-23] INFO  Starting auto-routing...
2026-06-09 16:22:25.074 [Thread-23] INFO  Auto-routing was completed in 6.97 seconds.
2026-06-09 16:22:25.176 [Thread-23] INFO  Starting route optimization on 1 thread...
2026-06-09 16:22:25.617 [Thread-23] INFO  Route optimization was completed in 0.44 seconds.
2026-06-09 16:22:25.623 [Thread-23] INFO  Saving 'E:\Ki-CAD\Projects\ESP32-C5-Board\ESP32-C5-Board.ses'...
2026-06-09 16:24:33.101 [main] INFO  Freerouting v1.9.0 (build-date: 2023-10-30)
2026-06-09 16:24:33.152 [main] INFO  Settings were loaded from freerouting.json
2026-06-09 16:24:34.290 [main] INFO  Opening 'E:\Ki-CAD\Projects\ESP32-C5-Board\ESP32-C5-Board.dsn'...
2026-06-09 16:24:34.610 [ForkJoinPool.commonPool-worker-1] INFO  New version available: v2.2.4
2026-06-09 16:24:36.947 [Thread-23] INFO  Starting auto-routing...
2026-06-09 16:24:38.499 [Thread-23] INFO  Auto-routing was completed in 1.55 seconds.
2026-06-09 16:24:38.600 [Thread-23] INFO  Starting route optimization on 1 thread...
2026-06-09 16:24:38.605 [Thread-23] INFO  Route optimization was completed in 0.00 seconds.
2026-06-09 16:24:38.614 [Thread-23] INFO  Saving 'E:\Ki-CAD\Projects\ESP32-C5-Board\ESP32-C5-Board.ses'...
2026-06-09 16:24:39.565 [main] INFO  Freerouting v1.9.0 (build-date: 2023-10-30)
2026-06-09 16:24:39.616 [main] INFO  Settings were loaded from freerouting.json
2026-06-09 16:24:40.757 [main] INFO  Opening 'E:\Ki-CAD\Projects\ESP32-C5-Board\ESP32-C5-Board.dsn'...
2026-06-09 16:24:40.988 [ForkJoinPool.commonPool-worker-1] INFO  New version available: v2.2.4
2026-06-09 16:24:43.338 [Thread-23] INFO  Starting auto-routing...
2026-06-09 16:24:44.930 [Thread-23] INFO  Auto-routing was completed in 1.59 seconds.
2026-06-09 16:24:45.032 [Thread-23] INFO  Starting route optimization on 1 thread...
2026-06-09 16:24:45.036 [Thread-23] INFO  Route optimization was completed in 0.00 seconds.
2026-06-09 16:24:45.044 [Thread-23] INFO  Saving 'E:\Ki-CAD\Projects\ESP32-C5-Board\ESP32-C5-Board.ses'...
2026-06-09 16:24:46.037 [main] INFO  Freerouting v1.9.0 (build-date: 2023-10-30)
2026-06-09 16:24:46.087 [main] INFO  Settings were loaded from freerouting.json
2026-06-09 16:24:47.228 [main] INFO  Opening 'E:\Ki-CAD\Projects\ESP32-C5-Board\ESP32-C5-Board.dsn'...
2026-06-09 16:24:47.463 [ForkJoinPool.commonPool-worker-1] INFO  New version available: v2.2.4
2026-06-09 16:24:49.688 [Thread-23] INFO  Starting auto-routing...
2026-06-09 16:24:51.362 [Thread-23] INFO  Auto-routing was completed in 1.67 seconds.
2026-06-09 16:24:51.465 [Thread-23] INFO  Starting route optimization on 1 thread...
2026-06-09 16:24:51.469 [Thread-23] INFO  Route optimization was completed in 0.00 seconds.
2026-06-09 16:24:51.476 [Thread-23] INFO  Saving 'E:\Ki-CAD\Projects\ESP32-C5-Board\ESP32-C5-Board.ses'...
2026-06-09 16:24:52.426 [main] INFO  Freerouting v1.9.0 (build-date: 2023-10-30)
2026-06-09 16:24:52.478 [main] INFO  Settings were loaded from freerouting.json
2026-06-09 16:24:53.617 [main] INFO  Opening 'E:\Ki-CAD\Projects\ESP32-C5-Board\ESP32-C5-Board.dsn'...
2026-06-09 16:24:53.843 [ForkJoinPool.commonPool-worker-1] INFO  New version available: v2.2.4
2026-06-09 16:24:56.002 [Thread-23] INFO  Starting auto-routing...
2026-06-09 16:24:57.645 [Thread-23] INFO  Auto-routing was completed in 1.64 seconds.
2026-06-09 16:24:57.746 [Thread-23] INFO  Starting route optimization on 1 thread...
2026-06-09 16:24:57.751 [Thread-23] INFO  Route optimization was completed in 0.00 seconds.
2026-06-09 16:24:57.759 [Thread-23] INFO  Saving 'E:\Ki-CAD\Projects\ESP32-C5-Board\ESP32-C5-Board.ses'...
2026-06-09 16:24:58.679 [main] INFO  Freerouting v1.9.0 (build-date: 2023-10-30)
2026-06-09 16:24:58.728 [main] INFO  Settings were loaded from freerouting.json
2026-06-09 16:24:59.868 [main] INFO  Opening 'E:\Ki-CAD\Projects\ESP32-C5-Board\ESP32-C5-Board.dsn'...
2026-06-09 16:25:00.097 [ForkJoinPool.commonPool-worker-1] INFO  New version available: v2.2.4
2026-06-09 16:25:02.182 [Thread-23] INFO  Starting auto-routing...
2026-06-09 16:25:03.858 [Thread-23] INFO  Auto-routing was completed in 1.67 seconds.
2026-06-09 16:25:03.959 [Thread-23] INFO  Starting route optimization on 1 thread...
2026-06-09 16:25:03.963 [Thread-23] INFO  Route optimization was completed in 0.00 seconds.
2026-06-09 16:25:03.971 [Thread-23] INFO  Saving 'E:\Ki-CAD\Projects\ESP32-C5-Board\ESP32-C5-Board.ses'...
